{"C:\\Users\\ColeChamberlain\\noderaider\\localsync\\packages\\cookiesync\\lib\\index.js":{"path":"C:\\Users\\ColeChamberlain\\noderaider\\localsync\\packages\\cookiesync\\lib\\index.js","s":{"1":1,"2":1,"3":1,"4":1,"5":1,"6":1,"7":1,"8":1,"9":0,"10":0,"11":0,"12":0,"13":0,"14":0,"15":0,"16":0,"17":0,"18":0,"19":0,"20":0,"21":0,"22":0,"23":0,"24":0,"25":0,"26":0,"27":0,"28":0,"29":0,"30":0,"31":0,"32":0,"33":0,"34":0,"35":0,"36":0,"37":0,"38":0,"39":0,"40":0,"41":0,"42":0,"43":0,"44":0,"45":0,"46":0,"47":0,"48":0,"49":0,"50":0,"51":0,"52":0,"53":0,"54":0,"55":0,"56":0,"57":0,"58":0,"59":0,"60":0,"61":0,"62":0,"63":0,"64":0,"65":0,"66":0,"67":0,"68":0,"69":0,"70":0,"71":0,"72":0,"73":0,"74":0,"75":0,"76":0,"77":0,"78":0,"79":0,"80":0,"81":0,"82":0,"83":0,"84":0,"85":0,"86":0,"87":0,"88":0,"89":0,"90":0,"91":0,"92":0,"93":0},"b":{"1":[0,1],"2":[1,1],"3":[0,0],"4":[0,0],"5":[0,0],"6":[0,0],"7":[0,0],"8":[0,0],"9":[0,0],"10":[0,0],"11":[0,0],"12":[0,0],"13":[0,0],"14":[0,0],"15":[0,0],"16":[0,0],"17":[0,0],"18":[0,0]},"f":{"1":1,"2":0,"3":0,"4":0,"5":0,"6":0,"7":0,"8":0,"9":0,"10":0,"11":0,"12":0},"fnMap":{"1":{"name":"_interopRequireDefault","line":12,"loc":{"start":{"line":12,"column":0},"end":{"line":12,"column":37}}},"2":{"name":"cookiesync","line":31,"loc":{"start":{"line":31,"column":0},"end":{"line":31,"column":42}}},"3":{"name":"log","line":54,"loc":{"start":{"line":54,"column":12},"end":{"line":54,"column":27}}},"4":{"name":"(anonymous_4)","line":55,"loc":{"start":{"line":55,"column":65},"end":{"line":55,"column":77}}},"5":{"name":"(anonymous_5)","line":59,"loc":{"start":{"line":59,"column":19},"end":{"line":59,"column":32}}},"6":{"name":"loadCookie","line":62,"loc":{"start":{"line":62,"column":19},"end":{"line":62,"column":41}}},"7":{"name":"saveCookie","line":80,"loc":{"start":{"line":80,"column":19},"end":{"line":80,"column":41}}},"8":{"name":"trigger","line":94,"loc":{"start":{"line":94,"column":16},"end":{"line":94,"column":35}}},"9":{"name":"start","line":106,"loc":{"start":{"line":106,"column":14},"end":{"line":106,"column":31}}},"10":{"name":"(anonymous_10)","line":114,"loc":{"start":{"line":114,"column":29},"end":{"line":114,"column":41}}},"11":{"name":"stop","line":139,"loc":{"start":{"line":139,"column":13},"end":{"line":139,"column":29}}},"12":{"name":"(anonymous_12)","line":148,"loc":{"start":{"line":148,"column":4},"end":{"line":148,"column":20}}}},"statementMap":{"1":{"start":{"line":3,"column":0},"end":{"line":null,"column":-1}},"2":{"start":{"line":6,"column":0},"end":{"line":null,"column":-1}},"3":{"start":{"line":8,"column":0},"end":{"line":null,"column":-1}},"4":{"start":{"line":10,"column":0},"end":{"line":null,"column":-1}},"5":{"start":{"line":12,"column":0},"end":{"line":12,"column":95}},"6":{"start":{"line":12,"column":39},"end":{"line":null,"column":-1}},"7":{"start":{"line":14,"column":0},"end":{"line":null,"column":-1}},"8":{"start":{"line":31,"column":0},"end":{"line":155,"column":1}},"9":{"start":{"line":32,"column":2},"end":{"line":null,"column":-1}},"10":{"start":{"line":34,"column":2},"end":{"line":null,"column":-1}},"11":{"start":{"line":35,"column":2},"end":{"line":null,"column":-1}},"12":{"start":{"line":36,"column":2},"end":{"line":null,"column":-1}},"13":{"start":{"line":37,"column":2},"end":{"line":null,"column":-1}},"14":{"start":{"line":38,"column":2},"end":{"line":null,"column":-1}},"15":{"start":{"line":39,"column":2},"end":{"line":null,"column":-1}},"16":{"start":{"line":40,"column":2},"end":{"line":null,"column":-1}},"17":{"start":{"line":41,"column":2},"end":{"line":null,"column":-1}},"18":{"start":{"line":42,"column":2},"end":{"line":null,"column":-1}},"19":{"start":{"line":43,"column":2},"end":{"line":null,"column":-1}},"20":{"start":{"line":44,"column":2},"end":{"line":null,"column":-1}},"21":{"start":{"line":45,"column":2},"end":{"line":null,"column":-1}},"22":{"start":{"line":46,"column":2},"end":{"line":null,"column":-1}},"23":{"start":{"line":47,"column":2},"end":{"line":null,"column":-1}},"24":{"start":{"line":48,"column":2},"end":{"line":null,"column":-1}},"25":{"start":{"line":49,"column":2},"end":{"line":null,"column":-1}},"26":{"start":{"line":51,"column":2},"end":{"line":null,"column":-1}},"27":{"start":{"line":52,"column":2},"end":{"line":null,"column":-1}},"28":{"start":{"line":53,"column":2},"end":{"line":null,"column":-1}},"29":{"start":{"line":54,"column":2},"end":{"line":null,"column":-1}},"30":{"start":{"line":55,"column":4},"end":{"line":null,"column":-1}},"31":{"start":{"line":57,"column":2},"end":{"line":null,"column":-1}},"32":{"start":{"line":58,"column":2},"end":{"line":null,"column":-1}},"33":{"start":{"line":59,"column":2},"end":{"line":null,"column":-1}},"34":{"start":{"line":60,"column":4},"end":{"line":null,"column":-1}},"35":{"start":{"line":62,"column":2},"end":{"line":null,"column":-1}},"36":{"start":{"line":63,"column":4},"end":{"line":78,"column":5}},"37":{"start":{"line":64,"column":6},"end":{"line":null,"column":-1}},"38":{"start":{"line":65,"column":6},"end":{"line":72,"column":7}},"39":{"start":{"line":66,"column":8},"end":{"line":null,"column":-1}},"40":{"start":{"line":67,"column":8},"end":{"line":null,"column":-1}},"41":{"start":{"line":69,"column":8},"end":{"line":null,"column":-1}},"42":{"start":{"line":70,"column":8},"end":{"line":null,"column":-1}},"43":{"start":{"line":71,"column":8},"end":{"line":null,"column":-1}},"44":{"start":{"line":73,"column":6},"end":{"line":null,"column":-1}},"45":{"start":{"line":74,"column":6},"end":{"line":null,"column":-1}},"46":{"start":{"line":76,"column":6},"end":{"line":null,"column":-1}},"47":{"start":{"line":77,"column":6},"end":{"line":null,"column":-1}},"48":{"start":{"line":80,"column":2},"end":{"line":null,"column":-1}},"49":{"start":{"line":81,"column":4},"end":{"line":83,"column":5}},"50":{"start":{"line":82,"column":6},"end":{"line":null,"column":-1}},"51":{"start":{"line":85,"column":4},"end":{"line":null,"column":-1}},"52":{"start":{"line":86,"column":4},"end":{"line":null,"column":-1}},"53":{"start":{"line":88,"column":4},"end":{"line":null,"column":-1}},"54":{"start":{"line":89,"column":4},"end":{"line":null,"column":-1}},"55":{"start":{"line":90,"column":4},"end":{"line":null,"column":-1}},"56":{"start":{"line":93,"column":2},"end":{"line":null,"column":-1}},"57":{"start":{"line":94,"column":2},"end":{"line":null,"column":-1}},"58":{"start":{"line":95,"column":4},"end":{"line":97,"column":5}},"59":{"start":{"line":96,"column":6},"end":{"line":null,"column":-1}},"60":{"start":{"line":99,"column":4},"end":{"line":null,"column":-1}},"61":{"start":{"line":100,"column":4},"end":{"line":null,"column":-1}},"62":{"start":{"line":101,"column":4},"end":{"line":null,"column":-1}},"63":{"start":{"line":102,"column":4},"end":{"line":null,"column":-1}},"64":{"start":{"line":105,"column":2},"end":{"line":null,"column":-1}},"65":{"start":{"line":106,"column":2},"end":{"line":null,"column":-1}},"66":{"start":{"line":107,"column":4},"end":{"line":null,"column":-1}},"67":{"start":{"line":108,"column":4},"end":{"line":null,"column":-1}},"68":{"start":{"line":109,"column":4},"end":{"line":113,"column":5}},"69":{"start":{"line":110,"column":6},"end":{"line":null,"column":-1}},"70":{"start":{"line":111,"column":6},"end":{"line":null,"column":-1}},"71":{"start":{"line":112,"column":6},"end":{"line":null,"column":-1}},"72":{"start":{"line":114,"column":4},"end":{"line":null,"column":-1}},"73":{"start":{"line":115,"column":6},"end":{"line":null,"column":-1}},"74":{"start":{"line":116,"column":6},"end":{"line":null,"column":-1}},"75":{"start":{"line":117,"column":6},"end":{"line":121,"column":7}},"76":{"start":{"line":118,"column":8},"end":{"line":null,"column":-1}},"77":{"start":{"line":119,"column":8},"end":{"line":null,"column":-1}},"78":{"start":{"line":120,"column":8},"end":{"line":null,"column":-1}},"79":{"start":{"line":123,"column":6},"end":{"line":126,"column":7}},"80":{"start":{"line":124,"column":8},"end":{"line":null,"column":-1}},"81":{"start":{"line":125,"column":8},"end":{"line":null,"column":-1}},"82":{"start":{"line":128,"column":6},"end":{"line":134,"column":7}},"83":{"start":{"line":129,"column":8},"end":{"line":null,"column":-1}},"84":{"start":{"line":130,"column":8},"end":{"line":null,"column":-1}},"85":{"start":{"line":131,"column":8},"end":{"line":null,"column":-1}},"86":{"start":{"line":133,"column":8},"end":{"line":null,"column":-1}},"87":{"start":{"line":136,"column":4},"end":{"line":null,"column":-1}},"88":{"start":{"line":139,"column":2},"end":{"line":null,"column":-1}},"89":{"start":{"line":140,"column":4},"end":{"line":null,"column":-1}},"90":{"start":{"line":141,"column":4},"end":{"line":null,"column":-1}},"91":{"start":{"line":142,"column":4},"end":{"line":null,"column":-1}},"92":{"start":{"line":145,"column":2},"end":{"line":null,"column":-1}},"93":{"start":{"line":149,"column":6},"end":{"line":null,"column":-1}}},"branchMap":{"1":{"line":12,"type":"cond-expr","locations":[{"start":{"line":12,"column":70},"end":{"line":12,"column":46}},{"start":{"line":12,"column":76},"end":{"line":12,"column":39}}]},"2":{"line":12,"type":"binary-expr","locations":[{"start":{"line":12,"column":46},"end":{"line":12,"column":52}},{"start":{"line":12,"column":53},"end":{"line":12,"column":46}}]},"3":{"line":32,"type":"cond-expr","locations":[{"start":{"line":32,"column":67},"end":{"line":32,"column":13}},{"start":{"line":32,"column":72},"end":{"line":32,"column":2}}]},"4":{"line":32,"type":"binary-expr","locations":[{"start":{"line":32,"column":13},"end":{"line":32,"column":12}},{"start":{"line":32,"column":38},"end":{"line":32,"column":13}}]},"5":{"line":35,"type":"cond-expr","locations":[{"start":{"line":35,"column":45},"end":{"line":35,"column":16}},{"start":{"line":35,"column":53},"end":{"line":35,"column":2}}]},"6":{"line":37,"type":"cond-expr","locations":[{"start":{"line":37,"column":43},"end":{"line":37,"column":15}},{"start":{"line":37,"column":53},"end":{"line":37,"column":2}}]},"7":{"line":39,"type":"cond-expr","locations":[{"start":{"line":39,"column":47},"end":{"line":39,"column":17}},{"start":{"line":39,"column":56},"end":{"line":39,"column":2}}]},"8":{"line":41,"type":"cond-expr","locations":[{"start":{"line":41,"column":47},"end":{"line":41,"column":17}},{"start":{"line":41,"column":51},"end":{"line":41,"column":2}}]},"9":{"line":43,"type":"cond-expr","locations":[{"start":{"line":43,"column":57},"end":{"line":43,"column":22}},{"start":{"line":43,"column":64},"end":{"line":43,"column":2}}]},"10":{"line":45,"type":"cond-expr","locations":[{"start":{"line":45,"column":39},"end":{"line":45,"column":13}},{"start":{"line":45,"column":45},"end":{"line":45,"column":2}}]},"11":{"line":47,"type":"cond-expr","locations":[{"start":{"line":47,"column":43},"end":{"line":47,"column":15}},{"start":{"line":47,"column":51},"end":{"line":47,"column":2}}]},"12":{"line":49,"type":"cond-expr","locations":[{"start":{"line":49,"column":47},"end":{"line":49,"column":17}},{"start":{"line":49,"column":55},"end":{"line":49,"column":2}}]},"13":{"line":55,"type":"cond-expr","locations":[{"start":{"line":55,"column":21},"end":{"line":55,"column":11}},{"start":{"line":55,"column":65},"end":{"line":55,"column":4}}]},"14":{"line":65,"type":"if","locations":[{"start":{"line":65,"column":6},"end":{"line":65,"column":9}},{"start":{"line":65,"column":6},"end":{"line":65,"column":9}}]},"15":{"line":109,"type":"if","locations":[{"start":{"line":109,"column":4},"end":{"line":109,"column":7}},{"start":{"line":109,"column":4},"end":{"line":109,"column":7}}]},"16":{"line":117,"type":"if","locations":[{"start":{"line":117,"column":6},"end":{"line":117,"column":9}},{"start":{"line":117,"column":6},"end":{"line":117,"column":9}}]},"17":{"line":123,"type":"if","locations":[{"start":{"line":123,"column":6},"end":{"line":123,"column":9}},{"start":{"line":123,"column":6},"end":{"line":123,"column":9}}]},"18":{"line":128,"type":"if","locations":[{"start":{"line":128,"column":6},"end":{"line":128,"column":9}},{"start":{"line":128,"column":6},"end":{"line":128,"column":9}}]}}}}