{"C:\\Users\\ColeChamberlain\\noderaider\\localsync\\packages\\localsync\\lib\\index.js":{"path":"C:\\Users\\ColeChamberlain\\noderaider\\localsync\\packages\\localsync\\lib\\index.js","s":{"1":1,"2":1,"3":0,"4":0,"5":1,"6":1,"7":1,"8":4,"9":0,"10":4,"11":1,"12":26,"13":26,"14":22,"15":4},"b":{"1":[1,0],"2":[1,1],"3":[0,0],"4":[0,0],"5":[0,0,0],"6":[0,0],"7":[0,1],"8":[1,0],"9":[0,4],"10":[4,3,3],"11":[22,4],"12":[3,1]},"f":{"1":0,"2":0,"3":1,"4":4,"5":26},"fnMap":{"1":{"name":"(anonymous_3)","line":7,"loc":{"start":{"line":7,"column":84},"end":{"line":7,"column":99}}},"2":{"name":"(anonymous_4)","line":7,"loc":{"start":{"line":7,"column":124},"end":{"line":7,"column":139}}},"3":{"name":"(anonymous_5)","line":10,"loc":{"start":{"line":10,"column":114},"end":{"line":10,"column":126}}},"4":{"name":"isEdgeOrIE","line":12,"loc":{"start":{"line":12,"column":0},"end":{"line":12,"column":22}}},"5":{"name":"localsync","line":17,"loc":{"start":{"line":17,"column":0},"end":{"line":17,"column":21}}}},"statementMap":{"1":{"start":{"line":3,"column":0},"end":{"line":null,"column":-1}},"2":{"start":{"line":7,"column":0},"end":{"line":null,"column":-1}},"3":{"start":{"line":7,"column":101},"end":{"line":null,"column":-1}},"4":{"start":{"line":7,"column":141},"end":{"line":null,"column":-1}},"5":{"start":{"line":9,"column":0},"end":{"line":null,"column":-1}},"6":{"start":{"line":10,"column":0},"end":{"line":null,"column":-1}},"7":{"start":{"line":12,"column":0},"end":{"line":15,"column":1}},"8":{"start":{"line":13,"column":2},"end":{"line":13,"column":18}},"9":{"start":{"line":13,"column":18},"end":{"line":null,"column":-1}},"10":{"start":{"line":14,"column":2},"end":{"line":null,"column":-1}},"11":{"start":{"line":17,"column":0},"end":{"line":22,"column":1}},"12":{"start":{"line":18,"column":2},"end":{"line":null,"column":-1}},"13":{"start":{"line":20,"column":2},"end":{"line":20,"column":40}},"14":{"start":{"line":20,"column":40},"end":{"line":null,"column":-1}},"15":{"start":{"line":21,"column":2},"end":{"line":null,"column":-1}}},"branchMap":{"1":{"line":7,"type":"cond-expr","locations":[{"start":{"line":7,"column":84},"end":{"line":7,"column":14}},{"start":{"line":7,"column":124},"end":{"line":7,"column":0}}]},"2":{"line":7,"type":"binary-expr","locations":[{"start":{"line":7,"column":14},"end":{"line":7,"column":13}},{"start":{"line":7,"column":46},"end":{"line":7,"column":14}}]},"3":{"line":7,"type":"cond-expr","locations":[{"start":{"line":7,"column":101},"end":{"line":7,"column":114}},{"start":{"line":7,"column":101},"end":{"line":null,"column":-1}}]},"4":{"line":7,"type":"cond-expr","locations":[{"start":{"line":7,"column":216},"end":{"line":7,"column":148}},{"start":{"line":7,"column":148},"end":{"line":7,"column":141}}]},"5":{"line":7,"type":"binary-expr","locations":[{"start":{"line":7,"column":148},"end":{"line":7,"column":154}},{"start":{"line":7,"column":155},"end":{"line":7,"column":148}},{"start":{"line":7,"column":187},"end":{"line":7,"column":148}}]},"6":{"line":7,"type":"cond-expr","locations":[{"start":{"line":7,"column":148},"end":{"line":7,"column":233}},{"start":{"line":7,"column":148},"end":{"line":7,"column":141}}]},"7":{"line":10,"type":"cond-expr","locations":[{"start":{"line":10,"column":95},"end":{"line":10,"column":16}},{"start":{"line":10,"column":114},"end":{"line":10,"column":0}}]},"8":{"line":10,"type":"cond-expr","locations":[{"start":{"line":10,"column":49},"end":{"line":10,"column":17}},{"start":{"line":10,"column":63},"end":{"line":10,"column":16}}]},"9":{"line":13,"type":"if","locations":[{"start":{"line":13,"column":2},"end":{"line":13,"column":5}},{"start":{"line":13,"column":2},"end":{"line":13,"column":5}}]},"10":{"line":14,"type":"binary-expr","locations":[{"start":{"line":14,"column":9},"end":{"line":14,"column":8}},{"start":{"line":14,"column":64},"end":{"line":14,"column":63}},{"start":{"line":14,"column":100},"end":{"line":14,"column":2}}]},"11":{"line":20,"type":"if","locations":[{"start":{"line":20,"column":2},"end":{"line":20,"column":5}},{"start":{"line":20,"column":2},"end":{"line":20,"column":5}}]},"12":{"line":21,"type":"cond-expr","locations":[{"start":{"line":21,"column":32},"end":{"line":21,"column":17}},{"start":{"line":21,"column":56},"end":{"line":21,"column":9}}]}}}}