{"C:\\Users\\ColeChamberlain\\noderaider\\localsync\\packages\\socketsync\\lib\\index.js":{"path":"C:\\Users\\ColeChamberlain\\noderaider\\localsync\\packages\\socketsync\\lib\\index.js","s":{"1":1,"2":1,"3":1,"4":1,"5":0,"6":0,"7":0,"8":0,"9":0,"10":0,"11":0,"12":0,"13":0,"14":0,"15":0,"16":0,"17":0,"18":0,"19":0,"20":0,"21":0,"22":0,"23":0,"24":0,"25":0,"26":0,"27":0,"28":0,"29":0,"30":0,"31":0},"b":{"1":[0,0],"2":[0,0],"3":[0,0],"4":[0,0],"5":[0,0],"6":[0,0]},"f":{"1":0,"2":0,"3":0,"4":0,"5":0,"6":0,"7":0},"fnMap":{"1":{"name":"socketsync","line":19,"loc":{"start":{"line":19,"column":0},"end":{"line":19,"column":42}}},"2":{"name":"log","line":32,"loc":{"start":{"line":32,"column":12},"end":{"line":32,"column":27}}},"3":{"name":"(anonymous_3)","line":33,"loc":{"start":{"line":33,"column":65},"end":{"line":33,"column":77}}},"4":{"name":"trigger","line":37,"loc":{"start":{"line":37,"column":16},"end":{"line":37,"column":35}}},"5":{"name":"start","line":47,"loc":{"start":{"line":47,"column":14},"end":{"line":47,"column":31}}},"6":{"name":"stop","line":52,"loc":{"start":{"line":52,"column":13},"end":{"line":52,"column":29}}},"7":{"name":"(anonymous_7)","line":60,"loc":{"start":{"line":60,"column":4},"end":{"line":60,"column":20}}}},"statementMap":{"1":{"start":{"line":3,"column":0},"end":{"line":null,"column":-1}},"2":{"start":{"line":6,"column":0},"end":{"line":null,"column":-1}},"3":{"start":{"line":7,"column":0},"end":{"line":null,"column":-1}},"4":{"start":{"line":19,"column":0},"end":{"line":68,"column":1}},"5":{"start":{"line":20,"column":2},"end":{"line":null,"column":-1}},"6":{"start":{"line":22,"column":2},"end":{"line":null,"column":-1}},"7":{"start":{"line":23,"column":2},"end":{"line":null,"column":-1}},"8":{"start":{"line":24,"column":2},"end":{"line":null,"column":-1}},"9":{"start":{"line":25,"column":2},"end":{"line":null,"column":-1}},"10":{"start":{"line":26,"column":2},"end":{"line":null,"column":-1}},"11":{"start":{"line":27,"column":2},"end":{"line":null,"column":-1}},"12":{"start":{"line":29,"column":2},"end":{"line":null,"column":-1}},"13":{"start":{"line":30,"column":2},"end":{"line":null,"column":-1}},"14":{"start":{"line":31,"column":2},"end":{"line":null,"column":-1}},"15":{"start":{"line":32,"column":2},"end":{"line":null,"column":-1}},"16":{"start":{"line":33,"column":4},"end":{"line":null,"column":-1}},"17":{"start":{"line":35,"column":2},"end":{"line":null,"column":-1}},"18":{"start":{"line":37,"column":2},"end":{"line":null,"column":-1}},"19":{"start":{"line":38,"column":4},"end":{"line":40,"column":5}},"20":{"start":{"line":39,"column":6},"end":{"line":null,"column":-1}},"21":{"start":{"line":42,"column":4},"end":{"line":null,"column":-1}},"22":{"start":{"line":43,"column":4},"end":{"line":null,"column":-1}},"23":{"start":{"line":44,"column":4},"end":{"line":null,"column":-1}},"24":{"start":{"line":47,"column":2},"end":{"line":null,"column":-1}},"25":{"start":{"line":48,"column":4},"end":{"line":null,"column":-1}},"26":{"start":{"line":49,"column":4},"end":{"line":null,"column":-1}},"27":{"start":{"line":52,"column":2},"end":{"line":null,"column":-1}},"28":{"start":{"line":53,"column":4},"end":{"line":null,"column":-1}},"29":{"start":{"line":54,"column":4},"end":{"line":null,"column":-1}},"30":{"start":{"line":57,"column":2},"end":{"line":null,"column":-1}},"31":{"start":{"line":61,"column":6},"end":{"line":null,"column":-1}}},"branchMap":{"1":{"line":20,"type":"cond-expr","locations":[{"start":{"line":20,"column":67},"end":{"line":20,"column":13}},{"start":{"line":20,"column":72},"end":{"line":20,"column":2}}]},"2":{"line":20,"type":"binary-expr","locations":[{"start":{"line":20,"column":13},"end":{"line":20,"column":12}},{"start":{"line":20,"column":38},"end":{"line":20,"column":13}}]},"3":{"line":23,"type":"cond-expr","locations":[{"start":{"line":23,"column":45},"end":{"line":23,"column":16}},{"start":{"line":23,"column":53},"end":{"line":23,"column":2}}]},"4":{"line":25,"type":"cond-expr","locations":[{"start":{"line":25,"column":43},"end":{"line":25,"column":15}},{"start":{"line":25,"column":53},"end":{"line":25,"column":2}}]},"5":{"line":27,"type":"cond-expr","locations":[{"start":{"line":27,"column":47},"end":{"line":27,"column":17}},{"start":{"line":27,"column":56},"end":{"line":27,"column":2}}]},"6":{"line":33,"type":"cond-expr","locations":[{"start":{"line":33,"column":21},"end":{"line":33,"column":11}},{"start":{"line":33,"column":65},"end":{"line":33,"column":4}}]}}}}